Determining if the include file stddef.h exists failed with the following output:
Change Dir: E:/Projects/Summer-2023-Embedded-Syaytems-Choosed/web_Server_Simple_Task/build/CMakeFiles/CMakeTmp

Run Build Command(s):E:/IDF/Espressif/tools/ninja/1.10.2/ninja.exe cmTC_b4631 && [1/2] Building C object CMakeFiles/cmTC_b4631.dir/CheckIncludeFile.c.obj
FAILED: CMakeFiles/cmTC_b4631.dir/CheckIncludeFile.c.obj 
E:\IDF\Espressif\tools\xtensa-esp32-elf\esp-2022r1-11.2.0\xtensa-esp32-elf\bin\xtensa-esp32-elf-gcc.exe   -mlongcalls -Wno-frame-address -o CMakeFiles/cmTC_b4631.dir/CheckIncludeFile.c.obj -c E:/Projects/Summer-2023-Embedded-Syaytems-Choosed/web_Server_Simple_Task/build/CMakeFiles/CMakeTmp/CheckIncludeFile.c
cc1.exe: fatal error: E:/Projects/Summer-2023-Embedded-Syaytems-Choosed/web_Server_Simple_Task/build/CMakeFiles/CMakeTmp/CheckIncludeFile.c: No such file or directory
compilation terminated.
ninja: build stopped: subcommand failed.



